android/app/build/intermediates/manifest_merge_blame_file/armDebug/manifest-merger-blame-arm-debug-report.txt
1<?xml version="1.0" encoding="utf-8"?>
2<manifest xmlns:android="http://schemas.android.com/apk/res/android"
3    package="com.tencent.dountapp"
4    android:versionCode="100"
5    android:versionName="0.0.1" >
6
7    <uses-sdk
7-->src/main/AndroidManifest.xml:5:5-59
8        xmlns:android="http://schemas.android.com/apk/res/android"
8-->[com.tencent.luggage:wxa-standalone-open-runtime-SaaA-plugin-sdk:1.0.3] AndroidManifest.xml:7:9-67
9        android:minSdkVersion="21"
9-->src/main/AndroidManifest.xml:5:5-59
10        android:targetSdkVersion="29" />
10-->src/main/AndroidManifest.xml:5:5-59
11
12    <uses-permission
12-->src/main/AndroidManifest.xml:6:5-67
13        xmlns:android="http://schemas.android.com/apk/res/android"
13-->[com.tencent.luggage:wxa-standalone-open-runtime-SaaA-plugin-sdk:1.0.3] AndroidManifest.xml:31:9-67
14        android:name="android.permission.INTERNET" /> <!-- 网络通信 -->
14-->src/main/AndroidManifest.xml:6:22-64
15    <uses-permission
15-->src/main/AndroidManifest.xml:7:5-79
16        xmlns:android="http://schemas.android.com/apk/res/android"
16-->[com.tencent.luggage:wxa-standalone-open-runtime-SaaA-plugin-sdk:1.0.3] AndroidManifest.xml:34:9-67
17        android:name="android.permission.ACCESS_NETWORK_STATE" />
17-->src/main/AndroidManifest.xml:7:22-76
18    <uses-permission android:name="android.permission.ACCESS_COARSE_LOCATION" />
18-->src/main/AndroidManifest.xml:8:5-81
18-->src/main/AndroidManifest.xml:8:22-78
19    <uses-permission android:name="android.permission.ACCESS_FINE_LOCATION" />
19-->src/main/AndroidManifest.xml:9:5-79
19-->src/main/AndroidManifest.xml:9:22-76
20    <uses-permission android:name="android.permission.RECORD_AUDIO" />
20-->src/main/AndroidManifest.xml:10:5-71
20-->src/main/AndroidManifest.xml:10:22-68
21    <uses-permission android:name="android.permission.REQUEST_INSTALL_PACKAGES" />
21-->src/main/AndroidManifest.xml:11:5-83
21-->src/main/AndroidManifest.xml:11:22-80
22
23    <queries package="com.tencent.dountapp" >
23-->src/main/AndroidManifest.xml:13:5-15:15
23-->[com.tencent.luggage:wxa-standalone-open-runtime-SaaA-plugin-sdk:1.0.3] AndroidManifest.xml:12:14-40
24        <package android:name="com.tencent.mm" />
24-->src/main/AndroidManifest.xml:14:9-50
24-->src/main/AndroidManifest.xml:14:18-47
25
26        <intent>
26-->[com.tencent.luggage:wxa-standalone-open-runtime-SaaA-plugin-sdk:1.0.3] AndroidManifest.xml:13:9-16:18
27            <action android:name="android.media.action.IMAGE_CAPTURE" >
27-->[com.tencent.luggage:wxa-standalone-open-runtime-SaaA-plugin-sdk:1.0.3] AndroidManifest.xml:14:13-15:22
27-->[com.tencent.luggage:wxa-standalone-open-runtime-SaaA-plugin-sdk:1.0.3] AndroidManifest.xml:14:21-70
28            </action>
29        </intent>
30        <intent>
30-->[com.tencent.luggage:wxa-standalone-open-runtime-SaaA-plugin-sdk:1.0.3] AndroidManifest.xml:17:9-20:18
31            <action android:name="android.media.action.ACTION_VIDEO_CAPTURE" >
31-->[com.tencent.luggage:wxa-standalone-open-runtime-SaaA-plugin-sdk:1.0.3] AndroidManifest.xml:18:13-19:22
31-->[com.tencent.luggage:wxa-standalone-open-runtime-SaaA-plugin-sdk:1.0.3] AndroidManifest.xml:18:21-77
32            </action>
33        </intent>
34    </queries>
35
36    <!-- 适配Android R包可见性 结束 -->
37    <uses-permission
37-->[com.tencent.luggage:wxa-standalone-open-runtime-SaaA-plugin-sdk:1.0.3] AndroidManifest.xml:24:5-26:53
38        xmlns:android="http://schemas.android.com/apk/res/android"
38-->[com.tencent.luggage:wxa-standalone-open-runtime-SaaA-plugin-sdk:1.0.3] AndroidManifest.xml:25:9-67
39        android:name="android.permission.VIBRATE" />
39-->[com.tencent.luggage:wxa-standalone-open-runtime-SaaA-plugin-sdk:1.0.3] AndroidManifest.xml:26:9-50
40    <uses-permission
40-->[com.tencent.luggage:wxa-standalone-open-runtime-SaaA-plugin-sdk:1.0.3] AndroidManifest.xml:27:5-29:56
41        xmlns:android="http://schemas.android.com/apk/res/android"
41-->[com.tencent.luggage:wxa-standalone-open-runtime-SaaA-plugin-sdk:1.0.3] AndroidManifest.xml:28:9-67
42        android:name="android.permission.ALARM_LOCK" />
42-->[com.tencent.luggage:wxa-standalone-open-runtime-SaaA-plugin-sdk:1.0.3] AndroidManifest.xml:29:9-53
43    <uses-permission
43-->[com.tencent.luggage:wxa-standalone-open-runtime-SaaA-plugin-sdk:1.0.3] AndroidManifest.xml:36:5-38:55
44        xmlns:android="http://schemas.android.com/apk/res/android"
44-->[com.tencent.luggage:wxa-standalone-open-runtime-SaaA-plugin-sdk:1.0.3] AndroidManifest.xml:37:9-67
45        android:name="android.permission.WAKE_LOCK" />
45-->[com.tencent.luggage:wxa-standalone-open-runtime-SaaA-plugin-sdk:1.0.3] AndroidManifest.xml:38:9-52
46    <uses-permission
46-->[com.tencent.luggage:wxa-standalone-open-runtime-SaaA-plugin-sdk:1.0.3] AndroidManifest.xml:39:5-41:63
47        xmlns:android="http://schemas.android.com/apk/res/android"
47-->[com.tencent.luggage:wxa-standalone-open-runtime-SaaA-plugin-sdk:1.0.3] AndroidManifest.xml:40:9-67
48        android:name="android.permission.ACCESS_WIFI_STATE" />
48-->[com.tencent.luggage:wxa-standalone-open-runtime-SaaA-plugin-sdk:1.0.3] AndroidManifest.xml:41:9-60
49    <uses-permission
49-->[com.tencent.luggage:wxa-standalone-open-runtime-SaaA-plugin-sdk:1.0.3] AndroidManifest.xml:42:5-44:68
50        xmlns:android="http://schemas.android.com/apk/res/android"
50-->[com.tencent.luggage:wxa-standalone-open-runtime-SaaA-plugin-sdk:1.0.3] AndroidManifest.xml:43:9-67
51        android:name="android.permission.WRITE_EXTERNAL_STORAGE" />
51-->[com.tencent.luggage:wxa-standalone-open-runtime-SaaA-plugin-sdk:1.0.3] AndroidManifest.xml:44:9-65
52
53    <permission
53-->[com.tencent.luggage:wxa-standalone-open-runtime-SaaA-plugin-sdk:1.0.3] AndroidManifest.xml:46:5-49:47
54        xmlns:android="http://schemas.android.com/apk/res/android"
54-->[com.tencent.luggage:wxa-standalone-open-runtime-SaaA-plugin-sdk:1.0.3] AndroidManifest.xml:47:9-67
55        android:name="com.tencent.dountapp.vfs.broadcast"
55-->[com.tencent.luggage:wxa-standalone-open-runtime-SaaA-plugin-sdk:1.0.3] AndroidManifest.xml:48:9-54
56        android:protectionLevel="signature" />
56-->[com.tencent.luggage:wxa-standalone-open-runtime-SaaA-plugin-sdk:1.0.3] AndroidManifest.xml:49:9-44
57
58    <uses-permission
58-->[com.tencent.luggage:wxa-standalone-open-runtime-SaaA-plugin-sdk:1.0.3] AndroidManifest.xml:51:5-53:57
59        xmlns:android="http://schemas.android.com/apk/res/android"
59-->[com.tencent.luggage:wxa-standalone-open-runtime-SaaA-plugin-sdk:1.0.3] AndroidManifest.xml:52:9-67
60        android:name="com.tencent.dountapp.vfs.broadcast" />
60-->[com.tencent.luggage:wxa-standalone-open-runtime-SaaA-plugin-sdk:1.0.3] AndroidManifest.xml:53:9-54
61    <uses-permission
61-->[com.tencent.luggage:wxa-standalone-open-runtime-SaaA-plugin-sdk:1.0.3] AndroidManifest.xml:54:5-56:73
62        xmlns:android="http://schemas.android.com/apk/res/android"
62-->[com.tencent.luggage:wxa-standalone-open-runtime-SaaA-plugin-sdk:1.0.3] AndroidManifest.xml:55:9-67
63        android:name="android.permission.CHANGE_WIFI_MULTICAST_STATE" />
63-->[com.tencent.luggage:wxa-standalone-open-runtime-SaaA-plugin-sdk:1.0.3] AndroidManifest.xml:56:9-70
64    <uses-permission
64-->[com.tencent.luggage:wxa-standalone-open-runtime-SaaA-plugin-sdk:1.0.3] AndroidManifest.xml:57:5-60:35
65        xmlns:android="http://schemas.android.com/apk/res/android"
65-->[com.tencent.luggage:wxa-standalone-open-runtime-SaaA-plugin-sdk:1.0.3] AndroidManifest.xml:58:9-67
66        android:name="android.permission.CAMERA"
66-->[com.tencent.luggage:wxa-standalone-open-runtime-SaaA-plugin-sdk:1.0.3] AndroidManifest.xml:59:9-49
67        android:required="true" />
67-->[com.tencent.luggage:wxa-standalone-open-runtime-SaaA-plugin-sdk:1.0.3] AndroidManifest.xml:60:9-32
68
69    <uses-feature
69-->[com.tencent.luggage:wxa-standalone-open-runtime-SaaA-plugin-sdk:1.0.3] AndroidManifest.xml:62:5-65:35
70        xmlns:android="http://schemas.android.com/apk/res/android"
70-->[com.tencent.luggage:wxa-standalone-open-runtime-SaaA-plugin-sdk:1.0.3] AndroidManifest.xml:63:9-67
71        android:name="android.hardware.camera"
71-->[com.tencent.luggage:wxa-standalone-open-runtime-SaaA-plugin-sdk:1.0.3] AndroidManifest.xml:64:9-47
72        android:required="true" />
72-->[com.tencent.luggage:wxa-standalone-open-runtime-SaaA-plugin-sdk:1.0.3] AndroidManifest.xml:65:9-32
73    <uses-feature
73-->[com.tencent.luggage:wxa-standalone-open-runtime-SaaA-plugin-sdk:1.0.3] AndroidManifest.xml:66:5-69:36
74        xmlns:android="http://schemas.android.com/apk/res/android"
74-->[com.tencent.luggage:wxa-standalone-open-runtime-SaaA-plugin-sdk:1.0.3] AndroidManifest.xml:67:9-67
75        android:name="android.hardware.camera.autofocus"
75-->[com.tencent.luggage:wxa-standalone-open-runtime-SaaA-plugin-sdk:1.0.3] AndroidManifest.xml:68:9-57
76        android:required="false" />
76-->[com.tencent.luggage:wxa-standalone-open-runtime-SaaA-plugin-sdk:1.0.3] AndroidManifest.xml:69:9-33
77
78    <uses-permission
78-->[com.tencent.luggage:wxa-standalone-open-runtime-SaaA-plugin-sdk:1.0.3] AndroidManifest.xml:71:5-73:66
79        xmlns:android="http://schemas.android.com/apk/res/android"
79-->[com.tencent.luggage:wxa-standalone-open-runtime-SaaA-plugin-sdk:1.0.3] AndroidManifest.xml:72:9-67
80        android:name="android.permission.CHANGE_NETWORK_STATE" />
80-->[com.tencent.luggage:wxa-standalone-open-runtime-SaaA-plugin-sdk:1.0.3] AndroidManifest.xml:73:9-63
81    <uses-permission
81-->[com.tencent.luggage:wxa-standalone-open-runtime-SaaA-plugin-sdk:1.0.3] AndroidManifest.xml:74:5-76:63
82        xmlns:android="http://schemas.android.com/apk/res/android"
82-->[com.tencent.luggage:wxa-standalone-open-runtime-SaaA-plugin-sdk:1.0.3] AndroidManifest.xml:75:9-67
83        android:name="android.permission.CHANGE_WIFI_STATE" />
83-->[com.tencent.luggage:wxa-standalone-open-runtime-SaaA-plugin-sdk:1.0.3] AndroidManifest.xml:76:9-60
84    <uses-permission
84-->[com.tencent.luggage:wxa-standalone-open-runtime-SaaA-plugin-sdk:1.0.3] AndroidManifest.xml:77:5-79:55
85        xmlns:android="http://schemas.android.com/apk/res/android"
85-->[com.tencent.luggage:wxa-standalone-open-runtime-SaaA-plugin-sdk:1.0.3] AndroidManifest.xml:78:9-67
86        android:name="android.permission.BLUETOOTH" />
86-->[com.tencent.luggage:wxa-standalone-open-runtime-SaaA-plugin-sdk:1.0.3] AndroidManifest.xml:79:9-52
87    <uses-permission
87-->[com.tencent.luggage:wxa-standalone-open-runtime-SaaA-plugin-sdk:1.0.3] AndroidManifest.xml:80:5-82:61
88        xmlns:android="http://schemas.android.com/apk/res/android"
88-->[com.tencent.luggage:wxa-standalone-open-runtime-SaaA-plugin-sdk:1.0.3] AndroidManifest.xml:81:9-67
89        android:name="android.permission.BLUETOOTH_ADMIN" />
89-->[com.tencent.luggage:wxa-standalone-open-runtime-SaaA-plugin-sdk:1.0.3] AndroidManifest.xml:82:9-58
90    <uses-permission
90-->[com.tencent.luggage:wxa-standalone-open-runtime-SaaA-plugin-sdk:1.0.3] AndroidManifest.xml:83:5-85:49
91        xmlns:android="http://schemas.android.com/apk/res/android"
91-->[com.tencent.luggage:wxa-standalone-open-runtime-SaaA-plugin-sdk:1.0.3] AndroidManifest.xml:84:9-67
92        android:name="android.permission.NFC" />
92-->[com.tencent.luggage:wxa-standalone-open-runtime-SaaA-plugin-sdk:1.0.3] AndroidManifest.xml:85:9-46
93    <uses-permission
93-->[com.tencent.luggage:wxa-standalone-open-runtime-SaaA-plugin-sdk:1.0.3] AndroidManifest.xml:86:5-88:67
94        xmlns:android="http://schemas.android.com/apk/res/android"
94-->[com.tencent.luggage:wxa-standalone-open-runtime-SaaA-plugin-sdk:1.0.3] AndroidManifest.xml:87:9-67
95        android:name="android.permission.READ_EXTERNAL_STORAGE" />
95-->[com.tencent.luggage:wxa-standalone-open-runtime-SaaA-plugin-sdk:1.0.3] AndroidManifest.xml:88:9-64
96
97    <permission
97-->[com.tencent.luggage:wxa-standalone-open-runtime-SaaA-plugin-sdk:1.0.3] AndroidManifest.xml:90:5-93:44
98        xmlns:android="http://schemas.android.com/apk/res/android"
98-->[com.tencent.luggage:wxa-standalone-open-runtime-SaaA-plugin-sdk:1.0.3] AndroidManifest.xml:91:9-67
99        android:name="com.tencent.dountapp.voiceassist.permission.READ"
99-->[com.tencent.luggage:wxa-standalone-open-runtime-SaaA-plugin-sdk:1.0.3] AndroidManifest.xml:92:9-68
100        android:protectionLevel="normal" />
100-->[com.tencent.luggage:wxa-standalone-open-runtime-SaaA-plugin-sdk:1.0.3] AndroidManifest.xml:93:9-41
101    <permission
101-->[com.tencent.luggage:wxa-standalone-open-runtime-SaaA-plugin-sdk:1.0.3] AndroidManifest.xml:94:5-97:44
102        xmlns:android="http://schemas.android.com/apk/res/android"
102-->[com.tencent.luggage:wxa-standalone-open-runtime-SaaA-plugin-sdk:1.0.3] AndroidManifest.xml:95:9-67
103        android:name="com.tencent.dountapp.voiceassist.permission.WRITE"
103-->[com.tencent.luggage:wxa-standalone-open-runtime-SaaA-plugin-sdk:1.0.3] AndroidManifest.xml:96:9-69
104        android:protectionLevel="normal" />
104-->[com.tencent.luggage:wxa-standalone-open-runtime-SaaA-plugin-sdk:1.0.3] AndroidManifest.xml:97:9-41
105
106    <application
106-->src/main/AndroidManifest.xml:17:5-59:19
107        xmlns:android="http://schemas.android.com/apk/res/android"
107-->[com.tencent.luggage:wxa-standalone-open-runtime-SaaA-plugin-sdk:1.0.3] AndroidManifest.xml:100:9-67
108        android:name="com.tencent.dountapp.DemoApplication"
108-->src/main/AndroidManifest.xml:18:9-40
109        android:allowBackup="false"
109-->src/main/AndroidManifest.xml:19:9-36
110        android:appComponentFactory="androidx.core.app.CoreComponentFactory"
110-->[androidx.core:core:1.3.2] AndroidManifest.xml:24:18-86
111        android:debuggable="true"
112        android:icon="@mipmap/ic_launcher"
112-->src/main/AndroidManifest.xml:20:9-43
113        android:label="@string/app_name"
113-->src/main/AndroidManifest.xml:21:9-41
114        android:persistent="true"
114-->src/main/AndroidManifest.xml:22:9-34
115        android:requestLegacyExternalStorage="true"
115-->[com.tencent.luggage:wxa-standalone-open-runtime-SaaA-plugin-sdk:1.0.3] AndroidManifest.xml:102:9-52
116        android:testOnly="true"
117        android:theme="@style/Theme.App.Global"
117-->src/main/AndroidManifest.xml:23:9-48
118        android:usesCleartextTraffic="true" >
118-->[com.tencent.luggage:wxa-standalone-open-runtime-SaaA-plugin-sdk:1.0.3] AndroidManifest.xml:103:9-44
119
120        <!-- 兼容支持 -->
121        <uses-library
121-->src/main/AndroidManifest.xml:27:9-29:40
122            android:name="org.apache.http.legacy"
122-->src/main/AndroidManifest.xml:28:13-50
123            android:required="false" />
123-->src/main/AndroidManifest.xml:29:13-37
124
125        <activity
125-->src/main/AndroidManifest.xml:31:9-47:20
126            android:name="com.tencent.dountapp.ui.MainActivity"
126-->src/main/AndroidManifest.xml:32:13-44
127            android:configChanges="keyboard|keyboardHidden|orientation|screenSize|smallestScreenSize|screenLayout|uiMode"
127-->src/main/AndroidManifest.xml:33:13-122
128            android:exported="true"
128-->src/main/AndroidManifest.xml:34:13-36
129            android:theme="@style/Theme.Translucent" >
129-->src/main/AndroidManifest.xml:35:13-53
130            <intent-filter>
130-->src/main/AndroidManifest.xml:36:13-40:29
131                <action android:name="android.intent.action.MAIN" />
131-->src/main/AndroidManifest.xml:37:17-69
131-->src/main/AndroidManifest.xml:37:25-66
132
133                <category android:name="android.intent.category.LAUNCHER" />
133-->src/main/AndroidManifest.xml:38:17-77
133-->src/main/AndroidManifest.xml:38:27-74
134                <category android:name="android.intent.category.DEFAULT" />
134-->src/main/AndroidManifest.xml:39:17-76
134-->src/main/AndroidManifest.xml:39:27-73
135            </intent-filter>
136            <intent-filter>
136-->src/main/AndroidManifest.xml:41:13-46:29
137                <action android:name="android.intent.action.VIEW" />
137-->src/main/AndroidManifest.xml:42:17-69
137-->src/main/AndroidManifest.xml:42:25-66
138
139                <category android:name="android.intent.category.DEFAULT" />
139-->src/main/AndroidManifest.xml:39:17-76
139-->src/main/AndroidManifest.xml:39:27-73
140                <category android:name="android.intent.category.BROWSABLE" />
140-->src/main/AndroidManifest.xml:44:17-78
140-->src/main/AndroidManifest.xml:44:27-75
141
142                <data android:scheme="__placeholder__" />
142-->src/main/AndroidManifest.xml:45:23-57
143            </intent-filter>
144        </activity>
145        <activity
145-->src/main/AndroidManifest.xml:49:9-52:39
146            android:name="com.tencent.dountapp.wxapi.WXEntryActivity"
146-->src/main/AndroidManifest.xml:50:13-50
147            android:exported="true"
147-->src/main/AndroidManifest.xml:52:13-36
148            android:launchMode="singleTask" />
148-->src/main/AndroidManifest.xml:51:13-44
149        <activity
149-->src/main/AndroidManifest.xml:54:9-57:39
150            android:name="com.tencent.dountapp.wxapi.WXPayEntryActivity"
150-->src/main/AndroidManifest.xml:55:13-53
151            android:exported="true"
151-->src/main/AndroidManifest.xml:57:13-36
152            android:launchMode="singleTask" />
152-->src/main/AndroidManifest.xml:56:13-44
153        <activity
153-->[com.tencent.luggage:wxa-standalone-open-runtime-SaaA-plugin-sdk:1.0.3] AndroidManifest.xml:119:9-124:59
154            android:name="com.tencent.luggage.wxa.SaaA.app.SaaAContainerActivity0"
154-->[com.tencent.luggage:wxa-standalone-open-runtime-SaaA-plugin-sdk:1.0.3] AndroidManifest.xml:120:13-83
155            android:configChanges="keyboard|keyboardHidden|orientation|screenSize|smallestScreenSize|screenLayout|uiMode"
155-->[com.tencent.luggage:wxa-standalone-open-runtime-SaaA-plugin-sdk:1.0.3] AndroidManifest.xml:121:13-122
156            android:process=":wxa_container0"
156-->[com.tencent.luggage:wxa-standalone-open-runtime-SaaA-plugin-sdk:1.0.3] AndroidManifest.xml:122:13-46
157            android:screenOrientation="behind"
157-->[com.tencent.luggage:wxa-standalone-open-runtime-SaaA-plugin-sdk:1.0.3] AndroidManifest.xml:123:13-47
158            android:theme="@style/WxaAppContainerTheme" />
158-->[com.tencent.luggage:wxa-standalone-open-runtime-SaaA-plugin-sdk:1.0.3] AndroidManifest.xml:124:13-56
159
160        <activity-alias
160-->[com.tencent.luggage:wxa-standalone-open-runtime-SaaA-plugin-sdk:1.0.3] AndroidManifest.xml:126:9-128:96
161            android:name="com.tencent.luggage.wxa.standalone_open_runtime.container.WxaContainerActivity0"
161-->[com.tencent.luggage:wxa-standalone-open-runtime-SaaA-plugin-sdk:1.0.3] AndroidManifest.xml:127:13-107
162            android:targetActivity="com.tencent.luggage.wxa.SaaA.app.SaaAContainerActivity0" />
162-->[com.tencent.luggage:wxa-standalone-open-runtime-SaaA-plugin-sdk:1.0.3] AndroidManifest.xml:128:13-93
163
164        <activity
164-->[com.tencent.luggage:wxa-standalone-open-runtime-SaaA-plugin-sdk:1.0.3] AndroidManifest.xml:130:9-135:59
165            android:name="com.tencent.luggage.wxa.SaaA.app.SaaAContainerActivity1"
165-->[com.tencent.luggage:wxa-standalone-open-runtime-SaaA-plugin-sdk:1.0.3] AndroidManifest.xml:131:13-83
166            android:configChanges="keyboard|keyboardHidden|orientation|screenSize|smallestScreenSize|screenLayout|uiMode"
166-->[com.tencent.luggage:wxa-standalone-open-runtime-SaaA-plugin-sdk:1.0.3] AndroidManifest.xml:132:13-122
167            android:process=":wxa_container1"
167-->[com.tencent.luggage:wxa-standalone-open-runtime-SaaA-plugin-sdk:1.0.3] AndroidManifest.xml:133:13-46
168            android:screenOrientation="behind"
168-->[com.tencent.luggage:wxa-standalone-open-runtime-SaaA-plugin-sdk:1.0.3] AndroidManifest.xml:134:13-47
169            android:theme="@style/WxaAppContainerTheme" />
169-->[com.tencent.luggage:wxa-standalone-open-runtime-SaaA-plugin-sdk:1.0.3] AndroidManifest.xml:135:13-56
170
171        <activity-alias
171-->[com.tencent.luggage:wxa-standalone-open-runtime-SaaA-plugin-sdk:1.0.3] AndroidManifest.xml:137:9-139:96
172            android:name="com.tencent.luggage.wxa.standalone_open_runtime.container.WxaContainerActivity1"
172-->[com.tencent.luggage:wxa-standalone-open-runtime-SaaA-plugin-sdk:1.0.3] AndroidManifest.xml:138:13-107
173            android:targetActivity="com.tencent.luggage.wxa.SaaA.app.SaaAContainerActivity1" />
173-->[com.tencent.luggage:wxa-standalone-open-runtime-SaaA-plugin-sdk:1.0.3] AndroidManifest.xml:139:13-93
174
175        <activity
175-->[com.tencent.luggage:wxa-standalone-open-runtime-SaaA-plugin-sdk:1.0.3] AndroidManifest.xml:141:9-146:59
176            android:name="com.tencent.luggage.wxa.SaaA.app.SaaAContainerActivity2"
176-->[com.tencent.luggage:wxa-standalone-open-runtime-SaaA-plugin-sdk:1.0.3] AndroidManifest.xml:142:13-83
177            android:configChanges="keyboard|keyboardHidden|orientation|screenSize|smallestScreenSize|screenLayout|uiMode"
177-->[com.tencent.luggage:wxa-standalone-open-runtime-SaaA-plugin-sdk:1.0.3] AndroidManifest.xml:143:13-122
178            android:process=":wxa_container2"
178-->[com.tencent.luggage:wxa-standalone-open-runtime-SaaA-plugin-sdk:1.0.3] AndroidManifest.xml:144:13-46
179            android:screenOrientation="behind"
179-->[com.tencent.luggage:wxa-standalone-open-runtime-SaaA-plugin-sdk:1.0.3] AndroidManifest.xml:145:13-47
180            android:theme="@style/WxaAppContainerTheme" />
180-->[com.tencent.luggage:wxa-standalone-open-runtime-SaaA-plugin-sdk:1.0.3] AndroidManifest.xml:146:13-56
181
182        <activity-alias
182-->[com.tencent.luggage:wxa-standalone-open-runtime-SaaA-plugin-sdk:1.0.3] AndroidManifest.xml:148:9-150:96
183            android:name="com.tencent.luggage.wxa.standalone_open_runtime.container.WxaContainerActivity2"
183-->[com.tencent.luggage:wxa-standalone-open-runtime-SaaA-plugin-sdk:1.0.3] AndroidManifest.xml:149:13-107
184            android:targetActivity="com.tencent.luggage.wxa.SaaA.app.SaaAContainerActivity2" />
184-->[com.tencent.luggage:wxa-standalone-open-runtime-SaaA-plugin-sdk:1.0.3] AndroidManifest.xml:150:13-93
185
186        <activity
186-->[com.tencent.luggage:wxa-standalone-open-runtime-SaaA-plugin-sdk:1.0.3] AndroidManifest.xml:152:9-157:59
187            android:name="com.tencent.luggage.wxa.SaaA.app.SaaAContainerActivity3"
187-->[com.tencent.luggage:wxa-standalone-open-runtime-SaaA-plugin-sdk:1.0.3] AndroidManifest.xml:153:13-83
188            android:configChanges="keyboard|keyboardHidden|orientation|screenSize|smallestScreenSize|screenLayout|uiMode"
188-->[com.tencent.luggage:wxa-standalone-open-runtime-SaaA-plugin-sdk:1.0.3] AndroidManifest.xml:154:13-122
189            android:process=":wxa_container3"
189-->[com.tencent.luggage:wxa-standalone-open-runtime-SaaA-plugin-sdk:1.0.3] AndroidManifest.xml:155:13-46
190            android:screenOrientation="behind"
190-->[com.tencent.luggage:wxa-standalone-open-runtime-SaaA-plugin-sdk:1.0.3] AndroidManifest.xml:156:13-47
191            android:theme="@style/WxaAppContainerTheme" />
191-->[com.tencent.luggage:wxa-standalone-open-runtime-SaaA-plugin-sdk:1.0.3] AndroidManifest.xml:157:13-56
192
193        <activity-alias
193-->[com.tencent.luggage:wxa-standalone-open-runtime-SaaA-plugin-sdk:1.0.3] AndroidManifest.xml:159:9-161:96
194            android:name="com.tencent.luggage.wxa.standalone_open_runtime.container.WxaContainerActivity3"
194-->[com.tencent.luggage:wxa-standalone-open-runtime-SaaA-plugin-sdk:1.0.3] AndroidManifest.xml:160:13-107
195            android:targetActivity="com.tencent.luggage.wxa.SaaA.app.SaaAContainerActivity3" />
195-->[com.tencent.luggage:wxa-standalone-open-runtime-SaaA-plugin-sdk:1.0.3] AndroidManifest.xml:161:13-93
196
197        <activity
197-->[com.tencent.luggage:wxa-standalone-open-runtime-SaaA-plugin-sdk:1.0.3] AndroidManifest.xml:163:9-168:59
198            android:name="com.tencent.luggage.wxa.SaaA.app.SaaAContainerActivity4"
198-->[com.tencent.luggage:wxa-standalone-open-runtime-SaaA-plugin-sdk:1.0.3] AndroidManifest.xml:164:13-83
199            android:configChanges="keyboard|keyboardHidden|orientation|screenSize|smallestScreenSize|screenLayout|uiMode"
199-->[com.tencent.luggage:wxa-standalone-open-runtime-SaaA-plugin-sdk:1.0.3] AndroidManifest.xml:165:13-122
200            android:process=":wxa_container4"
200-->[com.tencent.luggage:wxa-standalone-open-runtime-SaaA-plugin-sdk:1.0.3] AndroidManifest.xml:166:13-46
201            android:screenOrientation="behind"
201-->[com.tencent.luggage:wxa-standalone-open-runtime-SaaA-plugin-sdk:1.0.3] AndroidManifest.xml:167:13-47
202            android:theme="@style/WxaAppContainerTheme" />
202-->[com.tencent.luggage:wxa-standalone-open-runtime-SaaA-plugin-sdk:1.0.3] AndroidManifest.xml:168:13-56
203
204        <activity-alias
204-->[com.tencent.luggage:wxa-standalone-open-runtime-SaaA-plugin-sdk:1.0.3] AndroidManifest.xml:170:9-172:96
205            android:name="com.tencent.luggage.wxa.standalone_open_runtime.container.WxaContainerActivity4"
205-->[com.tencent.luggage:wxa-standalone-open-runtime-SaaA-plugin-sdk:1.0.3] AndroidManifest.xml:171:13-107
206            android:targetActivity="com.tencent.luggage.wxa.SaaA.app.SaaAContainerActivity4" />
206-->[com.tencent.luggage:wxa-standalone-open-runtime-SaaA-plugin-sdk:1.0.3] AndroidManifest.xml:172:13-93
207
208        <meta-data
208-->[com.tencent.luggage:wxa-standalone-open-runtime-SaaA-plugin-sdk:1.0.3] AndroidManifest.xml:174:9-176:40
209            android:name="com.tencent.wmpf.BuildInfo.BUILD_OWNER"
209-->[com.tencent.luggage:wxa-standalone-open-runtime-SaaA-plugin-sdk:1.0.3] AndroidManifest.xml:175:13-66
210            android:value="coverguo" />
210-->[com.tencent.luggage:wxa-standalone-open-runtime-SaaA-plugin-sdk:1.0.3] AndroidManifest.xml:176:13-37
211        <meta-data
211-->[com.tencent.luggage:wxa-standalone-open-runtime-SaaA-plugin-sdk:1.0.3] AndroidManifest.xml:177:9-179:36
212            android:name="com.tencent.wmpf.BuildInfo.BUILD_HOSTNAME"
212-->[com.tencent.luggage:wxa-standalone-open-runtime-SaaA-plugin-sdk:1.0.3] AndroidManifest.xml:178:13-69
213            android:value="null" />
213-->[com.tencent.luggage:wxa-standalone-open-runtime-SaaA-plugin-sdk:1.0.3] AndroidManifest.xml:179:13-33
214        <meta-data
214-->[com.tencent.luggage:wxa-standalone-open-runtime-SaaA-plugin-sdk:1.0.3] AndroidManifest.xml:180:9-182:51
215            android:name="com.tencent.wmpf.BuildInfo.BUILD_TIME"
215-->[com.tencent.luggage:wxa-standalone-open-runtime-SaaA-plugin-sdk:1.0.3] AndroidManifest.xml:181:13-65
216            android:value="2023-12-15 16:17:46" />
216-->[com.tencent.luggage:wxa-standalone-open-runtime-SaaA-plugin-sdk:1.0.3] AndroidManifest.xml:182:13-48
217        <meta-data
217-->[com.tencent.luggage:wxa-standalone-open-runtime-SaaA-plugin-sdk:1.0.3] AndroidManifest.xml:183:9-185:72
218            android:name="com.tencent.wmpf.BuildInfo.BUILD_REV"
218-->[com.tencent.luggage:wxa-standalone-open-runtime-SaaA-plugin-sdk:1.0.3] AndroidManifest.xml:184:13-64
219            android:value="fbd024f08109e12b34e54004e92373b11114cca0" />
219-->[com.tencent.luggage:wxa-standalone-open-runtime-SaaA-plugin-sdk:1.0.3] AndroidManifest.xml:185:13-69
220        <meta-data
220-->[com.tencent.luggage:wxa-standalone-open-runtime-SaaA-plugin-sdk:1.0.3] AndroidManifest.xml:186:9-188:37
221            android:name="com.tencent.wmpf.BuildInfo.BUILD_SDK_VERSION"
221-->[com.tencent.luggage:wxa-standalone-open-runtime-SaaA-plugin-sdk:1.0.3] AndroidManifest.xml:187:13-72
222            android:value="2.1.0" />
222-->[com.tencent.luggage:wxa-standalone-open-runtime-SaaA-plugin-sdk:1.0.3] AndroidManifest.xml:188:13-34
223        <meta-data
223-->[com.tencent.luggage:wxa-standalone-open-runtime-SaaA-plugin-sdk:1.0.3] AndroidManifest.xml:189:9-191:42
224            android:name="com.tencent.wmpf.BuildInfo.BUILD_SDK_VERSION_INT"
224-->[com.tencent.luggage:wxa-standalone-open-runtime-SaaA-plugin-sdk:1.0.3] AndroidManifest.xml:190:13-76
225            android:value="0x22010001" />
225-->[com.tencent.luggage:wxa-standalone-open-runtime-SaaA-plugin-sdk:1.0.3] AndroidManifest.xml:191:13-39
226        <meta-data
226-->[com.tencent.luggage:wxa-standalone-open-runtime-SaaA-plugin-sdk:1.0.3] AndroidManifest.xml:192:9-194:42
227            android:name="com.tencent.wmpf.BuildInfo.BUILD_UPSTREAM_CLIENT_VERSION"
227-->[com.tencent.luggage:wxa-standalone-open-runtime-SaaA-plugin-sdk:1.0.3] AndroidManifest.xml:193:13-84
228            android:value="0x28000730" />
228-->[com.tencent.luggage:wxa-standalone-open-runtime-SaaA-plugin-sdk:1.0.3] AndroidManifest.xml:194:13-39
229        <meta-data
229-->[com.tencent.luggage:wxa-standalone-open-runtime-SaaA-plugin-sdk:1.0.3] AndroidManifest.xml:195:9-197:37
230            android:name="com.tencent.wmpf.BuildInfo.BUILD_WEBGL_MAP_COMP"
230-->[com.tencent.luggage:wxa-standalone-open-runtime-SaaA-plugin-sdk:1.0.3] AndroidManifest.xml:196:13-75
231            android:value="false" />
231-->[com.tencent.luggage:wxa-standalone-open-runtime-SaaA-plugin-sdk:1.0.3] AndroidManifest.xml:197:13-34
232        <meta-data
232-->[com.tencent.luggage:wxa-standalone-open-runtime-SaaA-plugin-sdk:1.0.3] AndroidManifest.xml:198:9-200:37
233            android:name="com.tencent.wmpf.BuildInfo.BUILD_SUPPORT_GAME"
233-->[com.tencent.luggage:wxa-standalone-open-runtime-SaaA-plugin-sdk:1.0.3] AndroidManifest.xml:199:13-73
234            android:value="false" />
234-->[com.tencent.luggage:wxa-standalone-open-runtime-SaaA-plugin-sdk:1.0.3] AndroidManifest.xml:200:13-34
235        <meta-data
235-->[com.tencent.luggage:wxa-standalone-open-runtime-SaaA-plugin-sdk:1.0.3] AndroidManifest.xml:201:9-203:37
236            android:name="com.tencent.wmpf.BuildInfo.BUILD_USE_MINIFIED_LITEAV_SDK"